C51 COMPILER V9.60.0.0   UART                                                              05/10/2022 23:39:21 PAGE 1   


C51 COMPILER V9.60.0.0, COMPILATION OF MODULE UART
OBJECT MODULE PLACED IN .\Objects\uart.obj
COMPILER INVOKED BY: C:\Keil_v5\C51\BIN\C51.EXE src\driver\uart.c OPTIMIZE(8,SPEED) BROWSE INCDIR(.\src;.\src\app;.\src\
                    -driver;.\src\include) DEBUG OBJECTEXTEND PRINT(.\Listings\uart.lst) OBJECT(.\Objects\uart.obj)

line level    source

   1          #include "uart.h"
   2          
   3          
   4          
   5          
   6          // 串口初始化函数
   7          // 预设一个串口条件：8数据位、1停止位、0校验位、波特率4800
   8          // 初始化的主要工作就是去设置相关的寄存器
   9          // 使用晶振是11.0592MHz
  10          // CPU工作在12T模式下
  11          void uart_init(void)
  12          {
  13   1              // 波特率4800
  14   1              SCON = 0x50;    // 串口工作在模式1（8位串口）、允许接收
  15   1              PCON = 0x80;    // 波特率加倍,不加倍是0x00
  16   1      
  17   1              // 通信波特率相关的设置
  18   1              TMOD = 0x20;    // 设置T1为模式2
  19   1              TH1 = 243;
  20   1              TL1 = 243;              // 8位自动重装，意思就是TH1用完了之后下一个周期TL1会
  21   1                                              // 自动重装到TH1去
  22   1      
  23   1              TR1 = 1;                // 开启T1让它开始工作
  24   1              ES = 1;
  25   1              EA = 1;
  26   1      }
  27          
  28          // 通过串口发送一个字符串
  29          char putchar(unsigned char c)
  30          {
  31   1              // 第1步，发送一个字节
  32   1              SBUF = c;
  33   1      
  34   1              // 第2步，先确认串口发送部分没有在忙
  35   1              while (!TI);
  36   1      
  37   1              // 第3步，软件复位TI标志位
  38   1              TI = 0;
  39   1              
  40   1              return c;
  41   1      }


MODULE INFORMATION:   STATIC OVERLAYABLE
   CODE SIZE        =     30    ----
   CONSTANT SIZE    =   ----    ----
   XDATA SIZE       =   ----    ----
   PDATA SIZE       =   ----    ----
   DATA SIZE        =   ----    ----
   IDATA SIZE       =   ----    ----
   BIT SIZE         =   ----    ----
END OF MODULE INFORMATION.


C51 COMPILATION COMPLETE.  0 WARNING(S),  0 ERROR(S)
